<?xml version="1.0" encoding="UTF-8"?>
<testsuite name="user.UserTest" tests="1" skipped="0" failures="0" errors="0" timestamp="2021-05-15T00:16:40" hostname="DESKTOP-QEJ5C4E" time="0.039">
  <properties/>
  <testcase name="should_copy_user_to_repository()" classname="user.UserTest" time="0.039"/>
  <system-out><![CDATA[]]></system-out>
  <system-err><![CDATA[]]></system-err>
</testsuite>
